[debug] [2025-06-29T12:14:38.678Z] ----------------------------------------------------------------------
[debug] [2025-06-29T12:14:38.698Z] Command:       C:\nvm4w\nodejs\node.exe C:\Users\user\AppData\Roaming\npm\node_modules\firebase-tools\lib\bin\firebase.js init
[debug] [2025-06-29T12:14:38.700Z] CLI Version:   14.9.0
[debug] [2025-06-29T12:14:38.700Z] Platform:      win32
[debug] [2025-06-29T12:14:38.700Z] Node Version:  v22.13.1
[debug] [2025-06-29T12:14:38.702Z] Time:          Sun Jun 29 2025 15:14:38 GMT+0300 (East Africa Time)
[debug] [2025-06-29T12:14:38.703Z] ----------------------------------------------------------------------
[debug] 
[debug] [2025-06-29T12:14:39.342Z] > command requires scopes: ["email","openid","https://www.googleapis.com/auth/cloudplatformprojects.readonly","https://www.googleapis.com/auth/firebase","https://www.googleapis.com/auth/cloud-platform"]
[debug] [2025-06-29T12:14:39.343Z] > authorizing via signed-in user (mathaiian9@gmail.com)
[info] 
     ######## #### ########  ######## ########     ###     ######  ########
     ##        ##  ##     ## ##       ##     ##  ##   ##  ##       ##
     ######    ##  ########  ######   ########  #########  ######  ######
     ##        ##  ##    ##  ##       ##     ## ##     ##       ## ##
     ##       #### ##     ## ######## ########  ##     ##  ######  ########

You're about to initialize a Firebase project in this directory:

  C:\Users\user\Desktop\react\hotel-dashboard

Before we get started, keep in mind:

  * You are initializing within an existing Firebase project directory

[info] 
=== Project Setup
[info] 
[info] First, let's associate this project directory with a Firebase project.
[info] You can create multiple project aliases by running firebase use --add, 
[info] but for now we'll just set up a default project.
[info] 
[debug] [2025-06-29T12:15:55.005Z] Using project from CLI flag: oceanbliss-e0ef5
[debug] [2025-06-29T12:15:55.009Z] Checked if tokens are valid: false, expires at: 1751165589913
[debug] [2025-06-29T12:15:55.009Z] Checked if tokens are valid: false, expires at: 1751165589913
[debug] [2025-06-29T12:15:55.010Z] > refreshing access token with scopes: []
[debug] [2025-06-29T12:15:55.015Z] >>> [apiv2][query] POST https://www.googleapis.com/oauth2/v3/token [none]
[debug] [2025-06-29T12:15:55.016Z] >>> [apiv2][body] POST https://www.googleapis.com/oauth2/v3/token [omitted]
[debug] [2025-06-29T12:15:57.202Z] <<< [apiv2][status] POST https://www.googleapis.com/oauth2/v3/token 200
[debug] [2025-06-29T12:15:57.203Z] <<< [apiv2][body] POST https://www.googleapis.com/oauth2/v3/token [omitted]
[debug] [2025-06-29T12:15:57.302Z] >>> [apiv2][query] GET https://firebase.googleapis.com/v1beta1/projects/oceanbliss-e0ef5 [none]
[debug] [2025-06-29T12:15:59.993Z] <<< [apiv2][status] GET https://firebase.googleapis.com/v1beta1/projects/oceanbliss-e0ef5 200
[debug] [2025-06-29T12:15:59.993Z] <<< [apiv2][body] GET https://firebase.googleapis.com/v1beta1/projects/oceanbliss-e0ef5 {"projectId":"oceanbliss-e0ef5","projectNumber":"991426551716","displayName":"oceanbliss","name":"projects/oceanbliss-e0ef5","resources":{"hostingSite":"oceanbliss-e0ef5"},"state":"ACTIVE","etag":"1_a96deb72-bb25-4885-ba6c-bca0159d423c"}
[info] i  Using project oceanbliss-e0ef5 (oceanbliss) 
[info] 
=== Hosting Setup
[debug] [2025-06-29T12:16:00.017Z] Checked if tokens are valid: true, expires at: 1751202956204
[debug] [2025-06-29T12:16:00.017Z] Checked if tokens are valid: true, expires at: 1751202956204
[debug] [2025-06-29T12:16:00.019Z] >>> [apiv2][query] GET https://firebase.googleapis.com/v1beta1/projects/oceanbliss-e0ef5 [none]
[debug] [2025-06-29T12:16:00.466Z] <<< [apiv2][status] GET https://firebase.googleapis.com/v1beta1/projects/oceanbliss-e0ef5 200
[debug] [2025-06-29T12:16:00.467Z] <<< [apiv2][body] GET https://firebase.googleapis.com/v1beta1/projects/oceanbliss-e0ef5 {"projectId":"oceanbliss-e0ef5","projectNumber":"991426551716","displayName":"oceanbliss","name":"projects/oceanbliss-e0ef5","resources":{"hostingSite":"oceanbliss-e0ef5"},"state":"ACTIVE","etag":"1_a96deb72-bb25-4885-ba6c-bca0159d423c"}
[info] 
[info] Your public directory is the folder (relative to your project directory) that
[info] will contain Hosting assets to be uploaded with firebase deploy. If you
[info] have a build process for your assets, use your build's output directory.
[info] 
[info] +  Wrote build/404.html 
[debug] [2025-06-29T12:16:34.254Z] >>> [apiv2][query] GET https://www.gstatic.com/firebasejs/releases.json [none]
[debug] [2025-06-29T12:16:37.133Z] <<< [apiv2][status] GET https://www.gstatic.com/firebasejs/releases.json 200
[debug] [2025-06-29T12:16:37.134Z] <<< [apiv2][body] GET https://www.gstatic.com/firebasejs/releases.json {"current":{"version":"11.9.1","browserURL":"https://www.gstatic.com/firebasejs/11.9.1/firebase.js","packageURL":"https://www.gstatic.com/firebasejs/11.9.1/firebase.tgz"},"live":{"version":"11.9","browserURL":"https://www.gstatic.com/firebasejs/live/11.9/firebase.js","packageURL":"https://www.gstatic.com/firebasejs/live/11.9/firebase.tgz"},"components":{"ai":"https://www.gstatic.com/firebasejs/11.9.1/firebase-ai.js","analytics":"https://www.gstatic.com/firebasejs/11.9.1/firebase-analytics.js","app":"https://www.gstatic.com/firebasejs/11.9.1/firebase-app.js","app-check":"https://www.gstatic.com/firebasejs/11.9.1/firebase-app-check.js","auth":"https://www.gstatic.com/firebasejs/11.9.1/firebase-auth.js","auth/cordova":"https://www.gstatic.com/firebasejs/11.9.1/firebase-auth/cordova.js","auth/web-extension":"https://www.gstatic.com/firebasejs/11.9.1/firebase-auth/web-extension.js","functions":"https://www.gstatic.com/firebasejs/11.9.1/firebase-functions.js","firestore":"https://www.gstatic.com/firebasejs/11.9.1/firebase-firestore.js","firestore/lite":"https://www.gstatic.com/firebasejs/11.9.1/firebase-firestore/lite.js","installations":"https://www.gstatic.com/firebasejs/11.9.1/firebase-installations.js","storage":"https://www.gstatic.com/firebasejs/11.9.1/firebase-storage.js","performance":"https://www.gstatic.com/firebasejs/11.9.1/firebase-performance.js","remote-config":"https://www.gstatic.com/firebasejs/11.9.1/firebase-remote-config.js","messaging":"https://www.gstatic.com/firebasejs/11.9.1/firebase-messaging.js","messaging/sw":"https://www.gstatic.com/firebasejs/11.9.1/firebase-messaging/sw.js","database":"https://www.gstatic.com/firebasejs/11.9.1/firebase-database.js","vertexai":"https://www.gstatic.com/firebasejs/11.9.1/firebase-vertexai.js","data-connect":"https://www.gstatic.com/firebasejs/11.9.1/firebase-data-connect.js","firestore.memory":"https://www.gstatic.com/firebasejs/11.9.1/firebase-firestore.memory.js"}}
[info] +  Wrote build/index.html 
[info] 
[info] i  Didn't detect a .git folder. Assuming C:\Users\user\Desktop\react\hotel-dashboard is the project root. 
[info] i  Authorizing with GitHub to upload your service account to a GitHub repository's secrets store. 
[info] 
[info] Visit this URL on this device to log in:
[info] https://github.com/login/oauth/authorize?client_id=89cf50f02ac6aaed3484&state=477661499&redirect_uri=http%3A%2F%2Flocalhost%3A9005&scope=read%3Auser%20repo%20public_repo
[info] 
[info] Waiting for authentication...
